0 info it worked if it ends with ok
1 verbose cli [ 'C:\\Program Files\\nodejs\\node.exe',
1 verbose cli   'C:\\Program Files\\nodejs\\node_modules\\npm\\bin\\npm-cli.js',
1 verbose cli   'run',
1 verbose cli   'dev' ]
2 info using npm@3.10.10
3 info using node@v6.9.4
4 verbose run-script [ 'predev', 'dev', 'postdev' ]
5 info lifecycle base@1.0.0~predev: base@1.0.0
6 silly lifecycle base@1.0.0~predev: no script for predev, continuing
7 info lifecycle base@1.0.0~dev: base@1.0.0
8 verbose lifecycle base@1.0.0~dev: unsafe-perm in lifecycle true
9 verbose lifecycle base@1.0.0~dev: PATH: C:\Users\CHELO\AppData\Roaming\nvm\v6.9.4\node_modules\npm\bin\node-gyp-bin;C:\Users\CHELO\Desktop\MAJO\v2\sistema-andina\node_modules\.bin;C:\Program Files\Common Files\Oracle\Java\javapath;C:\Program Files (x86)\Common Files\Oracle\Java\javapath;C:\Windows\system32;C:\Windows;C:\Windows\System32\Wbem;C:\Windows\System32\WindowsPowerShell\v1.0\;C:\Windows\System32\OpenSSH\;C:\xampp\php;C:\Program Files\Git\cmd;C:\Program Files\Docker\Docker\resources\bin;C:\ProgramData\DockerDesktop\version-bin;C:\Users\CHELO\AppData\Roaming\nvm;C:\Program Files\nodejs;C:\Program Files (x86)\Yarn\bin\;C:\laragon\bin\php\php-8.1.10-Win32-vs16-x64;C:\ProgramData\ComposerSetup\bin;C:\Users\CHELO\.console-ninja\.bin;C:\Ruby25-x64\bin;C:\tizen-studio\tools\ide\bin;C:\Python3\Scripts\;C:\Python3\;C:\Users\CHELO\AppData\Local\Microsoft\WindowsApps;C:\Users\CHELO\AppData\Local\Programs\Microsoft VS Code\bin;C:\Users\CHELO\AppData\Roaming\Composer\vendor\bin;C:\Program Files\MongoDB\Server\5.0\bin;C:\Program Files\heroku\bin;C:\apache-maven-3.8.6\bin;C:\Users\CHELO\AppData\Roaming\nvm;C:\Program Files\nodejs;C:\Users\CHELO\AppData\Local\Yarn\bin;C:\Program Files\PostgreSQL\14\bin
10 verbose lifecycle base@1.0.0~dev: CWD: C:\Users\CHELO\Desktop\MAJO\v2\sistema-andina
11 silly lifecycle base@1.0.0~dev: Args: [ '/d /s /c', 'nodemon ./app.js' ]
12 silly lifecycle base@1.0.0~dev: Returned: code: 1  signal: null
13 info lifecycle base@1.0.0~dev: Failed to exec dev script
14 verbose stack Error: base@1.0.0 dev: `nodemon ./app.js`
14 verbose stack Exit status 1
14 verbose stack     at EventEmitter.<anonymous> (C:\Users\CHELO\AppData\Roaming\nvm\v6.9.4\node_modules\npm\lib\utils\lifecycle.js:255:16)
14 verbose stack     at emitTwo (events.js:106:13)
14 verbose stack     at EventEmitter.emit (events.js:191:7)
14 verbose stack     at ChildProcess.<anonymous> (C:\Users\CHELO\AppData\Roaming\nvm\v6.9.4\node_modules\npm\lib\utils\spawn.js:40:14)
14 verbose stack     at emitTwo (events.js:106:13)
14 verbose stack     at ChildProcess.emit (events.js:191:7)
14 verbose stack     at maybeClose (internal/child_process.js:877:16)
14 verbose stack     at Process.ChildProcess._handle.onexit (internal/child_process.js:226:5)
15 verbose pkgid base@1.0.0
16 verbose cwd C:\Users\CHELO\Desktop\MAJO\v2\sistema-andina
17 error Windows_NT 10.0.18362
18 error argv "C:\\Program Files\\nodejs\\node.exe" "C:\\Program Files\\nodejs\\node_modules\\npm\\bin\\npm-cli.js" "run" "dev"
19 error node v6.9.4
20 error npm  v3.10.10
21 error code ELIFECYCLE
22 error base@1.0.0 dev: `nodemon ./app.js`
22 error Exit status 1
23 error Failed at the base@1.0.0 dev script 'nodemon ./app.js'.
23 error Make sure you have the latest version of node.js and npm installed.
23 error If you do, this is most likely a problem with the base package,
23 error not with npm itself.
23 error Tell the author that this fails on your system:
23 error     nodemon ./app.js
23 error You can get information on how to open an issue for this project with:
23 error     npm bugs base
23 error Or if that isn't available, you can get their info via:
23 error     npm owner ls base
23 error There is likely additional logging output above.
24 verbose exit [ 1, true ]
